<?xml version="1.0" encoding="UTF-8"?>
<!-- Generated by org.testng.reporters.JUnitReportReporter -->
<testsuite skipped="0" hostname="RanjanMR" name="EclipseGitJenkins.EclipseGitJenkins.App" tests="1" failures="0" timestamp="2019-09-11T22:47:59 IST" time="32.029" errors="0">
  <testcase name="automationfunc" time="32.029" classname="EclipseGitJenkins.EclipseGitJenkins.App"/>
</testsuite> <!-- EclipseGitJenkins.EclipseGitJenkins.App -->
