<?xml version="1.0" encoding="UTF-8"?>
<!-- Generated by org.testng.reporters.JUnitReportReporter -->
<testsuite skipped="0" hostname="RanjanMR" name="MainFunctionPackage.Sex" tests="3" failures="0" timestamp="25 Jun 2019 10:17:08 GMT" time="0.023" errors="0">
  <testcase name="Test2" time="0.004" classname="MainFunctionPackage.Sex"/>
  <testcase name="Test1" time="0.003" classname="MainFunctionPackage.Sex"/>
  <testcase name="Test" time="0.016" classname="MainFunctionPackage.Sex"/>
</testsuite> <!-- MainFunctionPackage.Sex -->
