<?xml version="1.0" encoding="UTF-8"?>
<!-- Generated by org.testng.reporters.JUnitReportReporter -->
<testsuite skipped="0" hostname="RanjanMR" name="MainFunctionPackage.TestNGPractice1" tests="1" failures="0" timestamp="25 Jun 2019 07:29:14 GMT" time="23.487" errors="0">
  <testcase name="Login" time="23.487" classname="MainFunctionPackage.TestNGPractice1"/>
</testsuite> <!-- MainFunctionPackage.TestNGPractice1 -->
