<?xml version="1.0" encoding="UTF-8"?>
<!-- Generated by org.testng.reporters.JUnitReportReporter -->
<testsuite skipped="0" hostname="RanjanMR" name="MainFunctionPackage.Try2" tests="5" failures="0" timestamp="25 Jun 2019 13:31:59 GMT" time="0.043" errors="0">
  <testcase name="Test2" time="0.009" classname="MainFunctionPackage.Try2"/>
  <testcase name="Test5" time="0.013" classname="MainFunctionPackage.Try2"/>
  <testcase name="Test3" time="0.004" classname="MainFunctionPackage.Try2"/>
  <testcase name="Test1" time="0.013" classname="MainFunctionPackage.Try2"/>
  <testcase name="Test4" time="0.004" classname="MainFunctionPackage.Try2"/>
</testsuite> <!-- MainFunctionPackage.Try2 -->
