<?xml version="1.0" encoding="UTF-8"?>
<!-- Generated by org.testng.reporters.JUnitReportReporter -->
<testsuite skipped="0" hostname="RanjanMR" name="MainFunctionPackage.Try1" tests="3" failures="0" timestamp="25 Jun 2019 13:34:10 GMT" time="0.024" errors="0">
  <testcase name="Test3" time="0.006" classname="MainFunctionPackage.Try1"/>
  <testcase name="Test2" time="0.004" classname="MainFunctionPackage.Try1"/>
  <testcase name="Test1" time="0.014" classname="MainFunctionPackage.Try1"/>
</testsuite> <!-- MainFunctionPackage.Try1 -->
