<?xml version="1.0" encoding="UTF-8"?>
<!-- Generated by org.testng.reporters.JUnitReportReporter -->
<testsuite skipped="0" hostname="RanjanMR" name="MainFunctionPackage.Class2" tests="1" failures="0" timestamp="25 Jun 2019 20:35:10 GMT" time="0.010" errors="0">
  <testcase name="Test2" time="0.010" classname="MainFunctionPackage.Class2"/>
</testsuite> <!-- MainFunctionPackage.Class2 -->
