<?xml version="1.0" encoding="UTF-8"?>
<!-- Generated by org.testng.reporters.JUnitReportReporter -->
<testsuite skipped="0" hostname="RanjanMR" name="MainFunctionPackage.Class1" tests="1" failures="0" timestamp="25 Jun 2019 20:35:10 GMT" time="0.007" errors="0">
  <testcase name="Test1" time="0.007" classname="MainFunctionPackage.Class1"/>
</testsuite> <!-- MainFunctionPackage.Class1 -->
